#
# There is insufficient memory for the Java Runtime Environment to continue.
# Native memory allocation (malloc) failed to allocate 1309696 bytes for Chunk::new
# Possible reasons:
#   The system is out of physical RAM or swap space
#   The process is running with CompressedOops enabled, and the Java Heap may be blocking the growth of the native heap
# Possible solutions:
#   Reduce memory load on the system
#   Increase physical memory or swap space
#   Check if swap backing store is full
#   Decrease Java heap size (-Xmx/-Xms)
#   Decrease number of Java threads
#   Decrease Java thread stack sizes (-Xss)
#   Set larger code cache with -XX:ReservedCodeCacheSize=
#   JVM is running with Unscaled Compressed Oops mode in which the Java heap is
#     placed in the first 4GB address space. The Java Heap base address is the
#     maximum limit for the native heap growth. Please use -XX:HeapBaseMinAddress
#     to set the Java Heap base and to place the Java Heap above 4GB virtual address.
# This output file may be truncated or incomplete.
#
#  Out of Memory Error (allocation.cpp:389), pid=9032, tid=0x0000000000007e94
#
# JRE version: OpenJDK Runtime Environment (8.0_332-b08) (build 1.8.0_332-b08)
# Java VM: OpenJDK 64-Bit Server VM (25.332-b08 mixed mode windows-amd64 compressed oops)
# Failed to write core dump. Minidumps are not enabled by default on client versions of Windows
#

---------------  T H R E A D  ---------------

Current thread (0x000001aef1e8d000):  JavaThread "C2 CompilerThread0" daemon [_thread_in_native, id=32404, stack(0x0000000f6f400000,0x0000000f6f500000)]

Stack: [0x0000000f6f400000,0x0000000f6f500000]
[error occurred during error reporting (printing stack bounds), id 0xc0000005]

Native frames: (J=compiled Java code, j=interpreted, Vv=VM code, C=native code)


Current CompileTask:
C2:   7144 2030       4       java.net.URLClassLoader$1::run (5 bytes)


---------------  P R O C E S S  ---------------

Java Threads: ( => current thread )
  0x000001aef2db9800 JavaThread "AsyncHttpClient-1-3" daemon [_thread_in_native, id=38772, stack(0x0000000f70300000,0x0000000f70400000)]
  0x000001aef39b0000 JavaThread "AsyncHttpClient-1-2" daemon [_thread_in_native, id=38620, stack(0x0000000f70200000,0x0000000f70300000)]
  0x000001aef38ca800 JavaThread "Driver Service Executor" daemon [_thread_blocked, id=26484, stack(0x0000000f70000000,0x0000000f70100000)]
  0x000001aef38c8800 JavaThread "Driver Service Executor" daemon [_thread_blocked, id=36120, stack(0x0000000f6ff00000,0x0000000f70000000)]
  0x000001aef3352800 JavaThread "Exec Stream Pumper" daemon [_thread_in_native, id=35132, stack(0x0000000f6fe00000,0x0000000f6ff00000)]
  0x000001aef3352000 JavaThread "Exec Stream Pumper" daemon [_thread_in_native, id=26636, stack(0x0000000f6fd00000,0x0000000f6fe00000)]
  0x000001aef2201800 JavaThread "Exec Default Executor" daemon [_thread_in_native, id=38192, stack(0x0000000f6fc00000,0x0000000f6fd00000)]
  0x000001aef20e2000 JavaThread "AsyncHttpClient-1-1" daemon [_thread_blocked, id=38488, stack(0x0000000f6fb00000,0x0000000f6fc00000)]
  0x000001aef31c3800 JavaThread "ForkJoinPool.commonPool-worker-9" daemon [_thread_blocked, id=20464, stack(0x0000000f6fa00000,0x0000000f6fb00000)]
  0x000001aef1f5a000 JavaThread "Service Thread" daemon [_thread_blocked, id=37040, stack(0x0000000f6f800000,0x0000000f6f900000)]
  0x000001aef1e9e000 JavaThread "C1 CompilerThread3" daemon [_thread_blocked, id=38180, stack(0x0000000f6f700000,0x0000000f6f800000)]
  0x000001aef1e95000 JavaThread "C2 CompilerThread2" daemon [_thread_blocked, id=28036, stack(0x0000000f6f600000,0x0000000f6f700000)]
  0x000001aef1e91000 JavaThread "C2 CompilerThread1" daemon [_thread_blocked, id=11056, stack(0x0000000f6f500000,0x0000000f6f600000)]
=>0x000001aef1e8d000 JavaThread "C2 CompilerThread0" daemon [_thread_in_native, id=32404, stack(0x0000000f6f400000,0x0000000f6f500000)]
  0x000001aef1e86000 JavaThread "Monitor Ctrl-Break" daemon [_thread_in_native, id=29820, stack(0x0000000f6f300000,0x0000000f6f400000)]
  0x000001aeefae5000 JavaThread "Attach Listener" daemon [_thread_blocked, id=30936, stack(0x0000000f6f200000,0x0000000f6f300000)]
  0x000001aeefae4000 JavaThread "Signal Dispatcher" daemon [_thread_blocked, id=36664, stack(0x0000000f6f100000,0x0000000f6f200000)]
  0x000001aeefab4800 JavaThread "Finalizer" daemon [_thread_blocked, id=38588, stack(0x0000000f6f000000,0x0000000f6f100000)]
  0x000001aeefaae000 JavaThread "Reference Handler" daemon [_thread_blocked, id=34156, stack(0x0000000f6ef00000,0x0000000f6f000000)]
  0x000001aed976d000 JavaThread "Forwarding maximizeCurrentWindow on session 974b42f0-29b5-42a3-b792-ab34561784f1 to remote" [_thread_blocked, id=31100, stack(0x0000000f6e300000,0x0000000f6e400000)]

Other Threads:
  0x000001aed980e800 VMThread [stack: 0x0000000f6ee00000,0x0000000f6ef00000] [id=30768]
  0x000001aef1f5f000 WatcherThread [stack: 0x0000000f6f900000,0x0000000f6fa00000] [id=12316]

VM state:not at safepoint (normal execution)

VM Mutex/Monitor currently owned by a thread: None

heap address: 0x0000000083800000, size: 1992 MB, Compressed Oops mode: 32-bit
Narrow klass base: 0x0000000000000000, Narrow klass shift: 3
Compressed class space size: 1073741824 Address: 0x0000000100000000

Heap:
 PSYoungGen      total 60416K, used 28066K [0x00000000d6800000, 0x00000000daf00000, 0x0000000100000000)
  eden space 51200K, 36% used [0x00000000d6800000,0x00000000d7a6b7f8,0x00000000d9a00000)
  from space 9216K, 99% used [0x00000000da500000,0x00000000dadfd300,0x00000000dae00000)
  to   space 10752K, 0% used [0x00000000d9a00000,0x00000000d9a00000,0x00000000da480000)
 ParOldGen       total 55808K, used 7263K [0x0000000083800000, 0x0000000086e80000, 0x00000000d6800000)
  object space 55808K, 13% used [0x0000000083800000,0x0000000083f17e10,0x0000000086e80000)
 Metaspace       used 28332K, capacity 29832K, committed 30080K, reserved 1075200K
  class space    used 3808K, capacity 4154K, committed 4224K, reserved 1048576K

Card table byte_map: [0x000001aeea530000,0x000001aeea920000] byte_map_base: 0x000001aeea114000

Marking Bits: (ParMarkBitMap*) 0x000000005ff27850
 Begin Bits: [0x000001aeeabc0000, 0x000001aeecae0000)
 End Bits:   [0x000001aeecae0000, 0x000001aeeea00000)

Polling page: 0x000001aed9990000

CodeCache: size=245760Kb used=7005Kb max_used=7005Kb free=238754Kb
 bounds [0x000001aedb170000, 0x000001aedb850000, 0x000001aeea170000]
 total_blobs=2597 nmethods=2097 adapters=412
 compilation: enabled

Compilation events (10 events):
Event: 7.093 Thread 0x000001aef1e9e000 2094       3       java.util.Objects::nonNull (10 bytes)
Event: 7.093 Thread 0x000001aef1e9e000 nmethod 2094 0x000001aedb847b90 code [0x000001aedb847ce0, 0x000001aedb847e78]
Event: 7.093 Thread 0x000001aef1e9e000 2095       3       java.util.RegularEnumSet::contains (57 bytes)
Event: 7.094 Thread 0x000001aef1e9e000 nmethod 2095 0x000001aedb84b450 code [0x000001aedb84b5e0, 0x000001aedb84bb90]
Event: 7.098 Thread 0x000001aef1e9e000 2096       3       io.netty.buffer.UnsafeByteBufUtil::setByte (7 bytes)
Event: 7.098 Thread 0x000001aef1e9e000 nmethod 2096 0x000001aedb84afd0 code [0x000001aedb84b140, 0x000001aedb84b338]
Event: 7.098 Thread 0x000001aef1e9e000 2097       3       io.netty.util.internal.PlatformDependent::putByte (6 bytes)
Event: 7.099 Thread 0x000001aef1e9e000 nmethod 2097 0x000001aedb84ac10 code [0x000001aedb84ad60, 0x000001aedb84aef8]
Event: 7.099 Thread 0x000001aef1e9e000 2098       1       io.netty.buffer.PooledByteBuf::capacity (5 bytes)
Event: 7.099 Thread 0x000001aef1e9e000 nmethod 2098 0x000001aedb84a950 code [0x000001aedb84aaa0, 0x000001aedb84abb8]

GC Heap History (10 events):
Event: 2.425 GC heap before
{Heap before GC invocations=3 (full 0):
 PSYoungGen      total 37888K, used 37868K [0x00000000d6800000, 0x00000000d9200000, 0x0000000100000000)
  eden space 32768K, 100% used [0x00000000d6800000,0x00000000d8800000,0x00000000d8800000)
  from space 5120K, 99% used [0x00000000d8d00000,0x00000000d91fb2b8,0x00000000d9200000)
  to   space 5120K, 0% used [0x00000000d8800000,0x00000000d8800000,0x00000000d8d00000)
 ParOldGen       total 86016K, used 585K [0x0000000083800000, 0x0000000088c00000, 0x00000000d6800000)
  object space 86016K, 0% used [0x0000000083800000,0x00000000838925e8,0x0000000088c00000)
 Metaspace       used 17194K, capacity 18140K, committed 18432K, reserved 1064960K
  class space    used 2287K, capacity 2504K, committed 2560K, reserved 1048576K
Event: 2.431 GC heap after
Heap after GC invocations=3 (full 0):
 PSYoungGen      total 37888K, used 5117K [0x00000000d6800000, 0x00000000d9200000, 0x0000000100000000)
  eden space 32768K, 0% used [0x00000000d6800000,0x00000000d6800000,0x00000000d8800000)
  from space 5120K, 99% used [0x00000000d8800000,0x00000000d8cff730,0x00000000d8d00000)
  to   space 5120K, 0% used [0x00000000d8d00000,0x00000000d8d00000,0x00000000d9200000)
 ParOldGen       total 86016K, used 3232K [0x0000000083800000, 0x0000000088c00000, 0x00000000d6800000)
  object space 86016K, 3% used [0x0000000083800000,0x0000000083b28080,0x0000000088c00000)
 Metaspace       used 17194K, capacity 18140K, committed 18432K, reserved 1064960K
  class space    used 2287K, capacity 2504K, committed 2560K, reserved 1048576K
}
Event: 2.665 GC heap before
{Heap before GC invocations=4 (full 0):
 PSYoungGen      total 37888K, used 25930K [0x00000000d6800000, 0x00000000d9200000, 0x0000000100000000)
  eden space 32768K, 63% used [0x00000000d6800000,0x00000000d7c531c0,0x00000000d8800000)
  from space 5120K, 99% used [0x00000000d8800000,0x00000000d8cff730,0x00000000d8d00000)
  to   space 5120K, 0% used [0x00000000d8d00000,0x00000000d8d00000,0x00000000d9200000)
 ParOldGen       total 86016K, used 3232K [0x0000000083800000, 0x0000000088c00000, 0x00000000d6800000)
  object space 86016K, 3% used [0x0000000083800000,0x0000000083b28080,0x0000000088c00000)
 Metaspace       used 20242K, capacity 21216K, committed 21296K, reserved 1067008K
  class space    used 2644K, capacity 2904K, committed 2944K, reserved 1048576K
Event: 2.675 GC heap after
Heap after GC invocations=4 (full 0):
 PSYoungGen      total 37888K, used 5098K [0x00000000d6800000, 0x00000000db200000, 0x0000000100000000)
  eden space 32768K, 0% used [0x00000000d6800000,0x00000000d6800000,0x00000000d8800000)
  from space 5120K, 99% used [0x00000000d8d00000,0x00000000d91faa60,0x00000000d9200000)
  to   space 5120K, 0% used [0x00000000d8800000,0x00000000d8800000,0x00000000d8d00000)
 ParOldGen       total 86016K, used 5483K [0x0000000083800000, 0x0000000088c00000, 0x00000000d6800000)
  object space 86016K, 6% used [0x0000000083800000,0x0000000083d5ae80,0x0000000088c00000)
 Metaspace       used 20242K, capacity 21216K, committed 21296K, reserved 1067008K
  class space    used 2644K, capacity 2904K, committed 2944K, reserved 1048576K
}
Event: 2.675 GC heap before
{Heap before GC invocations=5 (full 1):
 PSYoungGen      total 37888K, used 5098K [0x00000000d6800000, 0x00000000db200000, 0x0000000100000000)
  eden space 32768K, 0% used [0x00000000d6800000,0x00000000d6800000,0x00000000d8800000)
  from space 5120K, 99% used [0x00000000d8d00000,0x00000000d91faa60,0x00000000d9200000)
  to   space 5120K, 0% used [0x00000000d8800000,0x00000000d8800000,0x00000000d8d00000)
 ParOldGen       total 86016K, used 5483K [0x0000000083800000, 0x0000000088c00000, 0x00000000d6800000)
  object space 86016K, 6% used [0x0000000083800000,0x0000000083d5ae80,0x0000000088c00000)
 Metaspace       used 20242K, capacity 21216K, committed 21296K, reserved 1067008K
  class space    used 2644K, capacity 2904K, committed 2944K, reserved 1048576K
Event: 2.700 GC heap after
Heap after GC invocations=5 (full 1):
 PSYoungGen      total 37888K, used 0K [0x00000000d6800000, 0x00000000db200000, 0x0000000100000000)
  eden space 32768K, 0% used [0x00000000d6800000,0x00000000d6800000,0x00000000d8800000)
  from space 5120K, 0% used [0x00000000d8d00000,0x00000000d8d00000,0x00000000d9200000)
  to   space 5120K, 0% used [0x00000000d8800000,0x00000000d8800000,0x00000000d8d00000)
 ParOldGen       total 55808K, used 7192K [0x0000000083800000, 0x0000000086e80000, 0x00000000d6800000)
  object space 55808K, 12% used [0x0000000083800000,0x0000000083f062f8,0x0000000086e80000)
 Metaspace       used 20229K, capacity 21174K, committed 21296K, reserved 1067008K
  class space    used 2640K, capacity 2897K, committed 2944K, reserved 1048576K
}
Event: 3.271 GC heap before
{Heap before GC invocations=6 (full 1):
 PSYoungGen      total 37888K, used 32768K [0x00000000d6800000, 0x00000000db200000, 0x0000000100000000)
  eden space 32768K, 100% used [0x00000000d6800000,0x00000000d8800000,0x00000000d8800000)
  from space 5120K, 0% used [0x00000000d8d00000,0x00000000d8d00000,0x00000000d9200000)
  to   space 5120K, 0% used [0x00000000d8800000,0x00000000d8800000,0x00000000d8d00000)
 ParOldGen       total 55808K, used 7192K [0x0000000083800000, 0x0000000086e80000, 0x00000000d6800000)
  object space 55808K, 12% used [0x0000000083800000,0x0000000083f062f8,0x0000000086e80000)
 Metaspace       used 24509K, capacity 25848K, committed 25856K, reserved 1071104K
  class space    used 3264K, capacity 3580K, committed 3584K, reserved 1048576K
Event: 3.279 GC heap after
Heap after GC invocations=6 (full 1):
 PSYoungGen      total 37888K, used 5007K [0x00000000d6800000, 0x00000000dae00000, 0x0000000100000000)
  eden space 32768K, 0% used [0x00000000d6800000,0x00000000d6800000,0x00000000d8800000)
  from space 5120K, 97% used [0x00000000d8800000,0x00000000d8ce3f48,0x00000000d8d00000)
  to   space 9216K, 0% used [0x00000000da500000,0x00000000da500000,0x00000000dae00000)
 ParOldGen       total 55808K, used 7200K [0x0000000083800000, 0x0000000086e80000, 0x00000000d6800000)
  object space 55808K, 12% used [0x0000000083800000,0x0000000083f082f8,0x0000000086e80000)
 Metaspace       used 24509K, capacity 25848K, committed 25856K, reserved 1071104K
  class space    used 3264K, capacity 3580K, committed 3584K, reserved 1048576K
}
Event: 6.951 GC heap before
{Heap before GC invocations=7 (full 1):
 PSYoungGen      total 37888K, used 37775K [0x00000000d6800000, 0x00000000dae00000, 0x0000000100000000)
  eden space 32768K, 100% used [0x00000000d6800000,0x00000000d8800000,0x00000000d8800000)
  from space 5120K, 97% used [0x00000000d8800000,0x00000000d8ce3f48,0x00000000d8d00000)
  to   space 9216K, 0% used [0x00000000da500000,0x00000000da500000,0x00000000dae00000)
 ParOldGen       total 55808K, used 7200K [0x0000000083800000, 0x0000000086e80000, 0x00000000d6800000)
  object space 55808K, 12% used [0x0000000083800000,0x0000000083f082f8,0x0000000086e80000)
 Metaspace       used 27420K, capacity 28960K, committed 29184K, reserved 1075200K
  class space    used 3684K, capacity 4040K, committed 4096K, reserved 1048576K
Event: 6.957 GC heap after
Heap after GC invocations=7 (full 1):
 PSYoungGen      total 60416K, used 9204K [0x00000000d6800000, 0x00000000daf00000, 0x0000000100000000)
  eden space 51200K, 0% used [0x00000000d6800000,0x00000000d6800000,0x00000000d9a00000)
  from space 9216K, 99% used [0x00000000da500000,0x00000000dadfd300,0x00000000dae00000)
  to   space 10752K, 0% used [0x00000000d9a00000,0x00000000d9a00000,0x00000000da480000)
 ParOldGen       total 55808K, used 7263K [0x0000000083800000, 0x0000000086e80000, 0x00000000d6800000)
  object space 55808K, 13% used [0x0000000083800000,0x0000000083f17e10,0x0000000086e80000)
 Metaspace       used 27420K, capacity 28960K, committed 29184K, reserved 1075200K
  class space    used 3684K, capacity 4040K, committed 4096K, reserved 1048576K
}

Deoptimization events (10 events):
Event: 2.909 Thread 0x000001aef38c8800 Uncommon trap: reason=unstable_if action=reinterpret pc=0x000001aedb69589c method=java.lang.CharacterDataLatin1.digit(II)I @ 82
Event: 2.949 Thread 0x000001aed976d000 Uncommon trap: reason=unstable_if action=reinterpret pc=0x000001aedb71f074 method=java.io.ByteArrayInputStream.read([BII)I @ 63
Event: 2.994 Thread 0x000001aed976d000 Uncommon trap: reason=unstable_if action=reinterpret pc=0x000001aedb7626c4 method=java.util.concurrent.ConcurrentHashMap.get(Ljava/lang/Object;)Ljava/lang/Object; @ 76
Event: 2.994 Thread 0x000001aed976d000 Uncommon trap: reason=class_check action=maybe_recompile pc=0x000001aedb60e4a8 method=java.util.concurrent.ConcurrentHashMap.putVal(Ljava/lang/Object;Ljava/lang/Object;Z)Ljava/lang/Object; @ 192
Event: 3.017 Thread 0x000001aed976d000 Uncommon trap: reason=unstable_if action=reinterpret pc=0x000001aedb69b0a8 method=java.util.regex.Pattern$BmpCharProperty.match(Ljava/util/regex/Matcher;ILjava/lang/CharSequence;)Z @ 34
Event: 3.062 Thread 0x000001aed976d000 Uncommon trap: reason=unstable_if action=reinterpret pc=0x000001aedb68e094 method=java.lang.CharacterDataLatin1.digit(II)I @ 82
Event: 7.016 Thread 0x000001aed976d000 Uncommon trap: reason=unstable_if action=reinterpret pc=0x000001aedb60e500 method=java.util.concurrent.ConcurrentHashMap.putVal(Ljava/lang/Object;Ljava/lang/Object;Z)Ljava/lang/Object; @ 195
Event: 7.051 Thread 0x000001aed976d000 Uncommon trap: reason=class_check action=maybe_recompile pc=0x000001aedb83ac38 method=java.util.Properties$LineReader.readLine()I @ 62
Event: 7.051 Thread 0x000001aed976d000 Uncommon trap: reason=class_check action=maybe_recompile pc=0x000001aedb83ac38 method=java.util.Properties$LineReader.readLine()I @ 62
Event: 7.098 Thread 0x000001aef39b0000 Uncommon trap: reason=unstable_if action=reinterpret pc=0x000001aedb6ee6d0 method=java.io.ByteArrayInputStream.read()I @ 8

Classes redefined (0 events):
No events

Internal exceptions (10 events):
Event: 1.121 Thread 0x000001aed976d000 Exception <a 'sun/nio/fs/WindowsException'> (0x00000000d7f3a160) thrown at [C:\wsjdk\Corretto8Src\installers\windows\zip\corretto-build\buildRoot\src\hotspot\src\share\vm\prims\jni.cpp, line 711]
Event: 2.005 Thread 0x000001aed976d000 Exception <a 'java/lang/NoSuchMethodError': java.lang.Object.lambda$create$0(Lorg/openqa/selenium/remote/http/HttpClient$Factory;)Z> (0x00000000d8352cd0) thrown at [C:\wsjdk\Corretto8Src\installers\windows\zip\corretto-build\buildRoot\src\hotspot\src\shar
Event: 2.006 Thread 0x000001aed976d000 Exception <a 'java/lang/NoSuchMethodError': java.lang.Object.lambda$create$1(Ljava/lang/String;Lorg/openqa/selenium/remote/http/HttpClient$Factory;)Z> (0x00000000d8356330) thrown at [C:\wsjdk\Corretto8Src\installers\windows\zip\corretto-build\buildRoot\sr
Event: 2.081 Thread 0x000001aed976d000 Exception <a 'java/lang/IncompatibleClassChangeError': Found class java.lang.Object, but interface was expected> (0x00000000d6ae10b0) thrown at [C:\wsjdk\Corretto8Src\installers\windows\zip\corretto-build\buildRoot\src\hotspot\src\share\vm\interpreter\lin
Event: 2.811 Thread 0x000001aed976d000 Exception <a 'java/lang/NoSuchMethodError': java.lang.Object.lambda$andFinally$1(Lorg/openqa/selenium/remote/http/HttpHandler;Lorg/openqa/selenium/remote/http/HttpRequest;)Lorg/openqa/selenium/remote/http/HttpResponse;> (0x00000000d7356e28) thrown at [C:\
Event: 2.830 Thread 0x000001aed976d000 Exception <a 'java/lang/IncompatibleClassChangeError': Found class java.lang.Object, but interface was expected> (0x00000000d7545148) thrown at [C:\wsjdk\Corretto8Src\installers\windows\zip\corretto-build\buildRoot\src\hotspot\src\share\vm\interpreter\lin
Event: 2.830 Thread 0x000001aed976d000 Exception <a 'java/lang/NoSuchMethodError': java.lang.Object.lambda$or$2(Ljava/util/function/Predicate;Ljava/lang/Object;)Z> (0x00000000d754c388) thrown at [C:\wsjdk\Corretto8Src\installers\windows\zip\corretto-build\buildRoot\src\hotspot\src\share\vm\int
Event: 2.942 Thread 0x000001aed976d000 Exception <a 'java/lang/NoSuchMethodError': java.lang.Object.lambda$chars$0()Ljava/util/Spliterator$OfInt;> (0x00000000d7a91900) thrown at [C:\wsjdk\Corretto8Src\installers\windows\zip\corretto-build\buildRoot\src\hotspot\src\share\vm\interpreter\linkReso
Event: 2.988 Thread 0x000001aed976d000 Exception <a 'java/lang/NoSuchMethodError': java.lang.Object.lambda$negate$1(Ljava/lang/Object;)Z> (0x00000000d7dfd048) thrown at [C:\wsjdk\Corretto8Src\installers\windows\zip\corretto-build\buildRoot\src\hotspot\src\share\vm\interpreter\linkResolver.cpp,
Event: 6.842 Thread 0x000001aed976d000 Exception <a 'java/lang/NoSuchMethodError': java.lang.Object.lambda$getResponseFunction$0(Lorg/openqa/selenium/remote/InitialHandshakeResponse;)Lorg/openqa/selenium/remote/ProtocolHandshake$Result;> (0x00000000d7900f78) thrown at [C:\wsjdk\Corretto8Src\in

Events (10 events):
Event: 7.096 loading class io/netty/channel/AbstractChannelHandlerContext$WriteTask$1 done
Event: 7.098 Thread 0x000001aef39b0000 Uncommon trap: trap_request=0xffffff65 fr.pc=0x000001aedb6ee6d0
Event: 7.098 Executing VM operation: RevokeBias
Event: 7.098 Executing VM operation: RevokeBias done
Event: 7.098 Thread 0x000001aef39b0000 DEOPT PACKING pc=0x000001aedb6ee6d0 sp=0x0000000f702feb50
Event: 7.098 Thread 0x000001aef39b0000 DEOPT UNPACKING pc=0x000001aedb1b5583 sp=0x0000000f702feb00 mode 2
Event: 7.099 Executing VM operation: RevokeBias
Event: 7.099 Executing VM operation: RevokeBias done
Event: 7.099 Executing VM operation: RevokeBias
Event: 7.099 Executing VM operation: RevokeBias done


Dynamic libraries:
0x00007ff7b9680000 - 0x00007ff7b96ba000 	C:\Users\DELL\.jdks\corretto-1.8.0_332\bin\java.exe
0x00007ffe29c70000 - 0x00007ffe29e87000 	C:\WINDOWS\SYSTEM32\ntdll.dll
0x00007ffe28f20000 - 0x00007ffe28fe4000 	C:\WINDOWS\System32\KERNEL32.DLL
0x00007ffe272c0000 - 0x00007ffe27666000 	C:\WINDOWS\System32\KERNELBASE.dll
0x00007ffe29990000 - 0x00007ffe29a43000 	C:\WINDOWS\System32\ADVAPI32.dll
0x00007ffe29b80000 - 0x00007ffe29c27000 	C:\WINDOWS\System32\msvcrt.dll
0x00007ffe29ad0000 - 0x00007ffe29b78000 	C:\WINDOWS\System32\sechost.dll
0x00007ffe27670000 - 0x00007ffe27698000 	C:\WINDOWS\System32\bcrypt.dll
0x00007ffe29870000 - 0x00007ffe29987000 	C:\WINDOWS\System32\RPCRT4.dll
0x00007ffe29500000 - 0x00007ffe296ae000 	C:\WINDOWS\System32\USER32.dll
0x00007ffe27290000 - 0x00007ffe272b6000 	C:\WINDOWS\System32\win32u.dll
0x00007ffe28ff0000 - 0x00007ffe29019000 	C:\WINDOWS\System32\GDI32.dll
0x00007ffe270d0000 - 0x00007ffe271e8000 	C:\WINDOWS\System32\gdi32full.dll
0x00007ffe271f0000 - 0x00007ffe2728a000 	C:\WINDOWS\System32\msvcp_win.dll
0x00007ffe26fb0000 - 0x00007ffe270c1000 	C:\WINDOWS\System32\ucrtbase.dll
0x00007ffe0dfa0000 - 0x00007ffe0e233000 	C:\WINDOWS\WinSxS\amd64_microsoft.windows.common-controls_6595b64144ccf1df_6.0.22621.2506_none_270c5ae97388e100\COMCTL32.dll
0x00007ffe29210000 - 0x00007ffe29241000 	C:\WINDOWS\System32\IMM32.DLL
0x00007ffdd88a0000 - 0x00007ffdd898f000 	C:\Users\DELL\.jdks\corretto-1.8.0_332\jre\bin\msvcr120.dll
0x00007ffdd87f0000 - 0x00007ffdd8896000 	C:\Users\DELL\.jdks\corretto-1.8.0_332\jre\bin\msvcp120.dll
0x000000005f730000 - 0x000000005ffa6000 	C:\Users\DELL\.jdks\corretto-1.8.0_332\jre\bin\server\jvm.dll
0x00007ffe279c0000 - 0x00007ffe279c8000 	C:\WINDOWS\System32\PSAPI.DLL
0x00007ffe05110000 - 0x00007ffe05119000 	C:\WINDOWS\SYSTEM32\WSOCK32.dll
0x00007ffe1bd60000 - 0x00007ffe1bd94000 	C:\WINDOWS\SYSTEM32\WINMM.dll
0x00007ffe28d00000 - 0x00007ffe28d71000 	C:\WINDOWS\System32\WS2_32.dll
0x00007ffe1b430000 - 0x00007ffe1b43a000 	C:\WINDOWS\SYSTEM32\VERSION.dll
0x00007ffdf82f0000 - 0x00007ffdf82ff000 	C:\Users\DELL\.jdks\corretto-1.8.0_332\jre\bin\verify.dll
0x00007ffddaef0000 - 0x00007ffddaf19000 	C:\Users\DELL\.jdks\corretto-1.8.0_332\jre\bin\java.dll
0x00007ffe239c0000 - 0x00007ffe239ea000 	C:\Users\DELL\.jdks\corretto-1.8.0_332\jre\bin\instrument.dll
0x00007ffddfde0000 - 0x00007ffddfdf6000 	C:\Users\DELL\.jdks\corretto-1.8.0_332\jre\bin\zip.dll
0x00007ffe279e0000 - 0x00007ffe2823a000 	C:\WINDOWS\System32\SHELL32.dll
0x00007ffe24f10000 - 0x00007ffe25806000 	C:\WINDOWS\SYSTEM32\windows.storage.dll
0x00007ffe28240000 - 0x00007ffe285c9000 	C:\WINDOWS\System32\combase.dll
0x00007ffe24dd0000 - 0x00007ffe24f0e000 	C:\WINDOWS\SYSTEM32\wintypes.dll
0x00007ffe286f0000 - 0x00007ffe287e3000 	C:\WINDOWS\System32\SHCORE.dll
0x00007ffe28810000 - 0x00007ffe2886e000 	C:\WINDOWS\System32\shlwapi.dll
0x00007ffe26ee0000 - 0x00007ffe26f06000 	C:\WINDOWS\SYSTEM32\profapi.dll
0x00007ffe1c970000 - 0x00007ffe1c98a000 	C:\Program Files\JetBrains\IntelliJ IDEA Community Edition 2022.1.2\bin\breakgen64.dll
0x00007ffdd9c80000 - 0x00007ffdd9c9a000 	C:\Users\DELL\.jdks\corretto-1.8.0_332\jre\bin\net.dll
0x00007ffe26550000 - 0x00007ffe265b9000 	C:\WINDOWS\system32\mswsock.dll
0x00007ffdd7670000 - 0x00007ffdd7682000 	C:\Users\DELL\.jdks\corretto-1.8.0_332\jre\bin\nio.dll
0x00007ffe267a0000 - 0x00007ffe267bb000 	C:\WINDOWS\SYSTEM32\CRYPTSP.dll
0x00007ffe26030000 - 0x00007ffe26065000 	C:\WINDOWS\system32\rsaenh.dll
0x00007ffe26640000 - 0x00007ffe2666c000 	C:\WINDOWS\SYSTEM32\USERENV.dll
0x00007ffe276a0000 - 0x00007ffe2771a000 	C:\WINDOWS\System32\bcryptprimitives.dll
0x00007ffe267c0000 - 0x00007ffe267cc000 	C:\WINDOWS\SYSTEM32\CRYPTBASE.dll
0x00007ffe25ad0000 - 0x00007ffe25afd000 	C:\WINDOWS\SYSTEM32\IPHLPAPI.DLL
0x00007ffe28870000 - 0x00007ffe28879000 	C:\WINDOWS\System32\NSI.dll
0x00007ffe204e0000 - 0x00007ffe204f9000 	C:\WINDOWS\SYSTEM32\dhcpcsvc6.DLL
0x00007ffe20470000 - 0x00007ffe2048f000 	C:\WINDOWS\SYSTEM32\dhcpcsvc.DLL
0x00007ffe25b00000 - 0x00007ffe25bf9000 	C:\WINDOWS\SYSTEM32\DNSAPI.dll
0x00007ffe1b790000 - 0x00007ffe1b79a000 	C:\Windows\System32\rasadhlp.dll
0x00007ffe1bfd0000 - 0x00007ffe1c053000 	C:\WINDOWS\System32\fwpuclnt.dll
0x00007ffe23bf0000 - 0x00007ffe23c87000 	C:\WINDOWS\system32\apphelp.dll
0x00007ffe23b80000 - 0x00007ffe23b8d000 	C:\Users\DELL\.jdks\corretto-1.8.0_332\jre\bin\management.dll
0x00007ffda4c30000 - 0x00007ffda4c47000 	C:\WINDOWS\system32\napinsp.dll
0x00007ffda3aa0000 - 0x00007ffda3abb000 	C:\WINDOWS\system32\pnrpnsp.dll
0x00007ffda3a80000 - 0x00007ffda3a91000 	C:\WINDOWS\System32\winrnr.dll
0x00007ffe1bd40000 - 0x00007ffe1bd55000 	C:\WINDOWS\system32\wshbth.dll
0x00007ffdbc130000 - 0x00007ffdbc151000 	C:\WINDOWS\system32\nlansp_c.dll
0x00007ffe09da0000 - 0x00007ffe09dc3000 	C:\Users\DELL\.jdks\corretto-1.8.0_332\jre\bin\sunec.dll

VM Arguments:
jvm_args: -ea -DnodeNamesHandler=org.jetbrains.plugins.cucumber.java.run.CucumberTestTreeNodeManager -Didea.test.cyclic.buffer.size=1048576 -javaagent:C:\Program Files\JetBrains\IntelliJ IDEA Community Edition 2022.1.2\lib\idea_rt.jar=52051:C:\Program Files\JetBrains\IntelliJ IDEA Community Edition 2022.1.2\bin -Dfile.encoding=UTF-8 
java_command: com.intellij.rt.junit.JUnitStarter -ideVersion5 -junit4 runners.runner
java_class_path (initial): C:\Program Files\JetBrains\IntelliJ IDEA Community Edition 2022.1.2\lib\idea_rt.jar;C:\Program Files\JetBrains\IntelliJ IDEA Community Edition 2022.1.2\plugins\junit\lib\junit5-rt.jar;C:\Program Files\JetBrains\IntelliJ IDEA Community Edition 2022.1.2\plugins\junit\lib\junit-rt.jar;C:\Users\DELL\.jdks\corretto-1.8.0_332\jre\lib\charsets.jar;C:\Users\DELL\.jdks\corretto-1.8.0_332\jre\lib\ext\access-bridge-64.jar;C:\Users\DELL\.jdks\corretto-1.8.0_332\jre\lib\ext\cldrdata.jar;C:\Users\DELL\.jdks\corretto-1.8.0_332\jre\lib\ext\dnsns.jar;C:\Users\DELL\.jdks\corretto-1.8.0_332\jre\lib\ext\jaccess.jar;C:\Users\DELL\.jdks\corretto-1.8.0_332\jre\lib\ext\jfxrt.jar;C:\Users\DELL\.jdks\corretto-1.8.0_332\jre\lib\ext\localedata.jar;C:\Users\DELL\.jdks\corretto-1.8.0_332\jre\lib\ext\nashorn.jar;C:\Users\DELL\.jdks\corretto-1.8.0_332\jre\lib\ext\sunec.jar;C:\Users\DELL\.jdks\corretto-1.8.0_332\jre\lib\ext\sunjce_provider.jar;C:\Users\DELL\.jdks\corretto-1.8.0_332\jre\lib\ext\sunmscapi.jar;C:\Users\DELL\.jdks\corretto-1.8.0_332\jre\lib\ext\sunpkcs11.jar;C:\Users\DELL\.jdks\corretto-1.8.0_332\jre\lib\ext\zipfs.jar;C:\Users\DELL\.jdks\corretto-1.8.0_332\jre\lib\jce.jar;C:\Users\DELL\.jdks\corretto-1.8.0_332\jre\lib\jfr.jar;C:\Users\DELL\.jdks\corretto-1.8.0_332\jre\lib\jfxswt.jar;C:\Users\DELL\.jdks\corretto-1.8.0_332\jre\lib\jsse.jar;C:\Users\DELL\.jdks\corretto-1.8.0_332\jre\lib\management-agent.jar;C:\Users\DELL\.jdks\corretto-1.8.0_332\jre\lib\resources.jar;C:\Users\DELL\.jdks\corretto-1.8.0_332\jre\lib\rt.jar;E:\task\target\test-classes;E:\task\target\classes;C:\Users\DELL\.m2\repository\org\apache\logging\log4j\log4j-api\2.20.0\log4j-api-2.20.0.jar;C:\Users\DELL\.m2\repository\org\apache\logging\log4j\log4j-core\2.20.0\log4j-core-2.20.0.jar;C:\Users\DELL\.m2\repository\org\apache\logging\log4j\log4j-slf4j-impl\2.20.0\log4j-slf4j-impl-2.20.0.jar;C:\Users\DELL\.m2\repository\org\slf4j\slf4j-api\1.7.25\slf4j-api-1.7.25.jar;C:\Users\DELL\.m2\repository
Launcher Type: SUN_STANDARD

Environment Variables:
PATH=C:\Program Files\Common Files\Oracle\Java\javapath;C:\WINDOWS\system32;C:\WINDOWS;C:\WINDOWS\System32\Wbem;C:\WINDOWS\System32\WindowsPowerShell\v1.0\;C:\WINDOWS\System32\OpenSSH\;C:\src\dart-sdk\bin;C:\src\flutter\bin;C:\Program Files\Git\cmd;C:\Program Files\nodejs\;C:\Program Files\dotnet\;C:\Program Files\JetBrains\IntelliJ IDEA Community Edition 2022.1.2\plugins\maven\lib\maven3\bin;C:\Users\DELL\AppData\Local\Microsoft\WindowsApps;C:\Users\DELL\AppData\Local\Programs\Microsoft VS Code\bin;C:\src\dart-sdk\bin;C:\src\flutter\bin;C:\Users\DELL\AppData\Local\GitHubDesktop\bin;C:\Users\DELL\AppData\Roaming\npm;C:\Program Files (x86)\BrowserStackLocal\
USERNAME=DELL
OS=Windows_NT
PROCESSOR_IDENTIFIER=Intel64 Family 6 Model 165 Stepping 2, GenuineIntel



---------------  S Y S T E M  ---------------

OS: Windows 10.0 , 64 bit Build 22621 (10.0.22621.2506)

CPU:total 12 (initial active 12) (6 cores per cpu, 2 threads per core) family 6 model 165 stepping 2, cmov, cx8, fxsr, mmx, sse, sse2, sse3, ssse3, sse4.1, sse4.2, popcnt, avx, avx2, aes, clmul, erms, 3dnowpref, lzcnt, ht, tsc, tscinvbit, bmi1, bmi2, adx

Memory: 4k page, physical 8158984k(149164k free), swap 33324808k(6160k free)

vm_info: OpenJDK 64-Bit Server VM (25.332-b08) for windows-amd64 JRE (1.8.0_332-b08), built on Apr 16 2022 08:31:02 by "Administrator" with MS VC++ 12.0 (VS2013)

time: Thu Feb 22 01:32:19 2024
timezone: Egypt Standard Time
elapsed time: 7.150025 seconds (0d 0h 0m 7s)

